[2021-08-20 12:24:11,523] INFO - <Running module: Preprocess Data>
[2021-08-20 12:24:11,581] INFO - Converting block coords to infercars format
[2021-08-20 12:24:12,318] INFO - <Module finished: Preprocess Data>, elapsed 0.7952940464019775 seconds
[2021-08-20 12:24:12,318] INFO - <Running module: Parsers and check strains>
[2021-08-20 12:24:13,106] INFO - Blocks count: 217
[2021-08-20 12:24:13,106] INFO - Unique one-copy blocks count: 125
[2021-08-20 12:24:13,124] INFO - Mean block coverage: 77.40723362525112 %
[2021-08-20 12:24:13,141] INFO - Mean common one-copy blocks coverage: 68.25079478567572 %
[2021-08-20 12:24:13,158] INFO - Mean 80 % rate one-copy blocks coverage: 71.16868232101604 %
[2021-08-20 12:24:13,198] INFO - Strains in blocks file count: 219
[2021-08-20 12:24:13,198] INFO - Strains in tree leafs count: 219
[2021-08-20 12:24:13,198] INFO - Intersected strains count: 219
[2021-08-20 12:24:13,198] INFO - <Module finished: Parsers and check strains>, elapsed 0.8800270557403564 seconds
[2021-08-20 12:24:13,198] INFO - <Running module: Balanced rearrangements characters>
[2021-08-20 12:24:15,185] INFO - Breakpoint graph parsed
[2021-08-20 12:24:15,186] INFO - Edges in breakpoint graph: 188
[2021-08-20 12:24:15,187] INFO - Getting characters from breakpoint graph component, size=14
[2021-08-20 12:24:15,283] INFO - Getting characters from breakpoint graph component, size=22
[2021-08-20 12:24:15,516] INFO - Getting characters from breakpoint graph component, size=6
[2021-08-20 12:24:15,562] INFO - Getting characters from breakpoint graph component, size=4
[2021-08-20 12:24:15,583] INFO - Getting characters from breakpoint graph component, size=6
[2021-08-20 12:24:15,591] INFO - Getting characters from breakpoint graph component, size=6
[2021-08-20 12:24:15,597] INFO - Getting characters from breakpoint graph component, size=4
[2021-08-20 12:24:15,621] INFO - Getting characters from breakpoint graph component, size=4
[2021-08-20 12:24:15,625] INFO - Getting characters from breakpoint graph component, size=4
[2021-08-20 12:24:15,629] INFO - Getting characters from breakpoint graph component, size=4
[2021-08-20 12:24:15,650] INFO - Getting characters from breakpoint graph component, size=4
[2021-08-20 12:24:15,674] INFO - Getting characters from breakpoint graph component, size=4
[2021-08-20 12:24:15,677] INFO - <Module finished: Balanced rearrangements characters>, elapsed 2.478639841079712 seconds
[2021-08-20 12:24:15,677] INFO - <Running module: Balanced rearrangements stats>
[2021-08-20 12:24:15,677] INFO - Counting distances between unique one-copy blocks, may take a while
[2021-08-20 12:24:21,960] INFO - Got characters after breakpoint graph consideration: 41
[2021-08-20 12:24:21,961] INFO - Percentage of consistent rearrangements (balanced): 63.41463414634146 %
[2021-08-20 12:24:21,985] INFO - <Module finished: Balanced rearrangements stats>, elapsed 6.307934999465942 seconds
[2021-08-20 12:24:21,985] INFO - <Running module: Balanced rearrangements output>
[2021-08-20 12:24:28,543] INFO - <Module finished: Balanced rearrangements output>, elapsed 6.557615041732788 seconds
[2021-08-20 12:24:28,543] INFO - <Running module: Unbalanced rearrangements characters>
[2021-08-20 12:24:28,549] INFO - <Module finished: Unbalanced rearrangements characters>, elapsed 0.005473136901855469 seconds
[2021-08-20 12:24:28,549] INFO - <Running module: Unbalanced rearrangements stats and clustering>
[2021-08-20 12:24:28,739] INFO - Got characters after copy number variation consideration: 217
[2021-08-20 12:24:28,739] INFO - Percentage of consistent rearrangements (unbalanced): 72.07457441659828 %
[2021-08-20 12:24:28,739] INFO - Counting distances between non-convex character blocks, may take a while
[2021-08-20 12:24:37,298] INFO - Jaccard index matrix constructed
[2021-08-20 12:24:38,136] INFO - Proximity matrix constructed
[2021-08-20 12:24:38,153] INFO - Clustring is done
[2021-08-20 12:24:38,153] INFO - Clusters: 48
[2021-08-20 12:24:38,189] INFO - <Module finished: Unbalanced rearrangements stats and clustering>, elapsed 9.640158891677856 seconds
[2021-08-20 12:24:38,189] INFO - <Running module: Unbalanced rearrangements output>
[2021-08-20 12:24:50,774] INFO - <Module finished: Unbalanced rearrangements output>, elapsed 12.584605932235718 seconds
[2021-08-20 12:24:50,774] INFO - Total elapsed time: 39.271201848983765 seconds
