[2021-08-13 14:25:42,516] INFO - <Running module: Preprocess Data>
[2021-08-13 14:25:42,574] INFO - Converting block coords to infercars format
[2021-08-13 14:25:43,366] INFO - <Module finished: Preprocess Data>, elapsed 0.8491477966308594 seconds
[2021-08-13 14:25:43,366] INFO - <Running module: Parsers and check strains>
[2021-08-13 14:25:44,183] INFO - Blocks count: 217
[2021-08-13 14:25:44,183] INFO - Unique one-copy blocks count: 125
[2021-08-13 14:25:44,201] INFO - Mean block coverage: 77.40723362525112 %
[2021-08-13 14:25:44,218] INFO - Mean common one-copy blocks coverage: 68.25079478567572 %
[2021-08-13 14:25:44,235] INFO - Mean 80 % rate one-copy blocks coverage: 71.16868232101604 %
[2021-08-13 14:25:44,274] INFO - Strains in blocks file count: 219
[2021-08-13 14:25:44,274] INFO - Strains in tree leafs count: 219
[2021-08-13 14:25:44,274] INFO - Intersected strains count: 219
[2021-08-13 14:25:44,274] INFO - <Module finished: Parsers and check strains>, elapsed 0.9087111949920654 seconds
[2021-08-13 14:25:44,274] INFO - <Running module: Balanced rearrangements characters>
[2021-08-13 14:25:46,189] INFO - Breakpoint graph parsed
[2021-08-13 14:25:46,190] INFO - Edges in breakpoint graph: 188
[2021-08-13 14:25:46,191] INFO - Getting characters from breakpoint graph component, size=14
[2021-08-13 14:25:46,283] INFO - Getting characters from breakpoint graph component, size=22
[2021-08-13 14:25:46,513] INFO - Getting characters from breakpoint graph component, size=6
[2021-08-13 14:25:46,556] INFO - Getting characters from breakpoint graph component, size=4
[2021-08-13 14:25:46,579] INFO - Getting characters from breakpoint graph component, size=6
[2021-08-13 14:25:46,586] INFO - Getting characters from breakpoint graph component, size=6
[2021-08-13 14:25:46,593] INFO - Getting characters from breakpoint graph component, size=4
[2021-08-13 14:25:46,616] INFO - Getting characters from breakpoint graph component, size=4
[2021-08-13 14:25:46,619] INFO - Getting characters from breakpoint graph component, size=4
[2021-08-13 14:25:46,623] INFO - Getting characters from breakpoint graph component, size=4
[2021-08-13 14:25:46,644] INFO - Getting characters from breakpoint graph component, size=4
[2021-08-13 14:25:46,667] INFO - Getting characters from breakpoint graph component, size=4
[2021-08-13 14:25:46,670] INFO - <Module finished: Balanced rearrangements characters>, elapsed 2.3959600925445557 seconds
[2021-08-13 14:25:46,670] INFO - <Running module: Balanced rearrangements stats>
[2021-08-13 14:25:46,670] INFO - Counting distances between unique one-copy blocks, may take a while
[2021-08-13 14:25:52,777] INFO - Got characters after breakpoint graph consideration: 41
[2021-08-13 14:25:52,778] INFO - Percentage of consistent rearrangements (balanced): 63.41463414634146 %
[2021-08-13 14:25:52,799] INFO - <Module finished: Balanced rearrangements stats>, elapsed 6.128561019897461 seconds
[2021-08-13 14:25:52,799] INFO - <Running module: Balanced rearrangements output>
[2021-08-13 14:25:58,097] INFO - <Module finished: Balanced rearrangements output>, elapsed 5.298067331314087 seconds
[2021-08-13 14:25:58,097] INFO - <Running module: Unbalanced rearrangements characters>
[2021-08-13 14:25:58,103] INFO - <Module finished: Unbalanced rearrangements characters>, elapsed 0.005443096160888672 seconds
[2021-08-13 14:25:58,103] INFO - <Running module: Unbalanced rearrangements stats and clustering>
[2021-08-13 14:25:58,299] INFO - Got characters after copy number variation consideration: 217
[2021-08-13 14:25:58,300] INFO - Percentage of consistent rearrangements (unbalanced): 72.07457441659828 %
[2021-08-13 14:25:58,300] INFO - Counting distances between non-convex character blocks, may take a while
[2021-08-13 14:26:07,193] INFO - Jaccard index matrix constructed
[2021-08-13 14:26:08,095] INFO - Proximity matrix constructed
[2021-08-13 14:26:08,101] INFO - Clustring is done
[2021-08-13 14:26:08,101] INFO - Clusters: 41
[2021-08-13 14:26:08,135] INFO - <Module finished: Unbalanced rearrangements stats and clustering>, elapsed 10.032191038131714 seconds
[2021-08-13 14:26:08,135] INFO - <Running module: Unbalanced rearrangements output>
[2021-08-13 14:26:19,071] INFO - <Module finished: Unbalanced rearrangements output>, elapsed 10.935801982879639 seconds
[2021-08-13 14:26:19,071] INFO - Total elapsed time: 36.573638916015625 seconds
