[2021-08-13 14:26:06,197] INFO - <Running module: Preprocess Data>
[2021-08-13 14:26:06,269] INFO - Converting block coords to infercars format
[2021-08-13 14:26:07,219] INFO - <Module finished: Preprocess Data>, elapsed 1.0223259925842285 seconds
[2021-08-13 14:26:07,219] INFO - <Running module: Parsers and check strains>
[2021-08-13 14:26:08,169] INFO - Blocks count: 217
[2021-08-13 14:26:08,169] INFO - Unique one-copy blocks count: 125
[2021-08-13 14:26:08,195] INFO - Mean block coverage: 77.40723362525112 %
[2021-08-13 14:26:08,220] INFO - Mean common one-copy blocks coverage: 68.25079478567572 %
[2021-08-13 14:26:08,243] INFO - Mean 80 % rate one-copy blocks coverage: 71.16868232101604 %
[2021-08-13 14:26:08,290] INFO - Strains in blocks file count: 219
[2021-08-13 14:26:08,290] INFO - Strains in tree leafs count: 219
[2021-08-13 14:26:08,290] INFO - Intersected strains count: 219
[2021-08-13 14:26:08,291] INFO - <Module finished: Parsers and check strains>, elapsed 1.0716710090637207 seconds
[2021-08-13 14:26:08,291] INFO - <Running module: Balanced rearrangements characters>
[2021-08-13 14:26:10,884] INFO - Breakpoint graph parsed
[2021-08-13 14:26:10,886] INFO - Edges in breakpoint graph: 188
[2021-08-13 14:26:10,887] INFO - Getting characters from breakpoint graph component, size=14
[2021-08-13 14:26:11,021] INFO - Getting characters from breakpoint graph component, size=22
[2021-08-13 14:26:11,287] INFO - Getting characters from breakpoint graph component, size=6
[2021-08-13 14:26:11,343] INFO - Getting characters from breakpoint graph component, size=4
[2021-08-13 14:26:11,372] INFO - Getting characters from breakpoint graph component, size=6
[2021-08-13 14:26:11,382] INFO - Getting characters from breakpoint graph component, size=6
[2021-08-13 14:26:11,389] INFO - Getting characters from breakpoint graph component, size=4
[2021-08-13 14:26:11,418] INFO - Getting characters from breakpoint graph component, size=4
[2021-08-13 14:26:11,423] INFO - Getting characters from breakpoint graph component, size=4
[2021-08-13 14:26:11,429] INFO - Getting characters from breakpoint graph component, size=4
[2021-08-13 14:26:11,454] INFO - Getting characters from breakpoint graph component, size=4
[2021-08-13 14:26:11,479] INFO - Getting characters from breakpoint graph component, size=4
[2021-08-13 14:26:11,483] INFO - <Module finished: Balanced rearrangements characters>, elapsed 3.192270040512085 seconds
[2021-08-13 14:26:11,484] INFO - <Running module: Balanced rearrangements stats>
[2021-08-13 14:26:11,484] INFO - Counting distances between unique one-copy blocks, may take a while
[2021-08-13 14:26:21,549] INFO - Got characters after breakpoint graph consideration: 41
[2021-08-13 14:26:21,552] INFO - Percentage of consistent rearrangements (balanced): 63.41463414634146 %
[2021-08-13 14:26:21,577] INFO - <Module finished: Balanced rearrangements stats>, elapsed 10.093830108642578 seconds
[2021-08-13 14:26:21,578] INFO - <Running module: Balanced rearrangements output>
[2021-08-13 14:26:27,183] INFO - <Module finished: Balanced rearrangements output>, elapsed 5.6057679653167725 seconds
[2021-08-13 14:26:27,184] INFO - <Running module: Unbalanced rearrangements characters>
[2021-08-13 14:26:27,189] INFO - <Module finished: Unbalanced rearrangements characters>, elapsed 0.005185842514038086 seconds
[2021-08-13 14:26:27,189] INFO - <Running module: Unbalanced rearrangements stats and clustering>
[2021-08-13 14:26:27,398] INFO - Got characters after copy number variation consideration: 217
[2021-08-13 14:26:27,399] INFO - Percentage of consistent rearrangements (unbalanced): 72.07457441659828 %
[2021-08-13 14:26:27,399] INFO - Counting distances between non-convex character blocks, may take a while
[2021-08-13 14:26:35,811] INFO - Jaccard index matrix constructed
[2021-08-13 14:26:36,656] INFO - Proximity matrix constructed
[2021-08-13 14:26:36,663] INFO - Clustring is done
[2021-08-13 14:26:36,663] INFO - Clusters: 44
[2021-08-13 14:26:36,696] INFO - <Module finished: Unbalanced rearrangements stats and clustering>, elapsed 9.507445096969604 seconds
[2021-08-13 14:26:36,696] INFO - <Running module: Unbalanced rearrangements output>
[2021-08-13 14:26:45,531] INFO - <Module finished: Unbalanced rearrangements output>, elapsed 8.83404278755188 seconds
[2021-08-13 14:26:45,531] INFO - Total elapsed time: 39.354126930236816 seconds
